Testsuite: ar.com.torneobarker.users.UserControllerSpec
Tests run: 7, Failures: 2, Errors: 1, Time elapsed: 0,745 sec
------------- Standard Output ---------------
--Output from Test the index action returns the correct model--
--Output from Test the create action returns the correct model--
--Output from Test the save action correctly persists an instance--
--Output from Test that the show action returns the correct model--
--Output from Test that the edit action returns the correct model--
--Output from Test the update action performs an update on a valid domain instance--
--Output from Test that the delete action deletes an instance if it exists--
------------- ---------------- ---------------
------------- Standard Error -----------------
--Output from Test the index action returns the correct model--
--Output from Test the create action returns the correct model--
--Output from Test the save action correctly persists an instance--
--Output from Test that the show action returns the correct model--
--Output from Test that the edit action returns the correct model--
--Output from Test the update action performs an update on a valid domain instance--
--Output from Test that the delete action deletes an instance if it exists--
------------- ---------------- ---------------

Testcase: Test the index action returns the correct model took 0,343 sec
Testcase: Test the create action returns the correct model took 0,078 sec
Testcase: Test the save action correctly persists an instance took 0,09 sec
	FAILED
Condition not satisfied:

response.redirectedUrl == '/user/show/1'
|        |             |
|        /user/index   false
|                      6 differences (50% similarity)
|                      /user/(index-)
|                      /user/(show/1)
org.codehaus.groovy.grails.plugins.testing.GrailsMockHttpServletResponse@2afb17bf

junit.framework.AssertionFailedError: Condition not satisfied:

response.redirectedUrl == '/user/show/1'
|        |             |
|        /user/index   false
|                      6 differences (50% similarity)
|                      /user/(index-)
|                      /user/(show/1)
org.codehaus.groovy.grails.plugins.testing.GrailsMockHttpServletResponse@2afb17bf

	at ar.com.torneobarker.users.UserControllerSpec.Test the save action correctly persists an instance(UserControllerSpec.groovy:57)

Testcase: Test that the show action returns the correct model took 0,039 sec
Testcase: Test that the edit action returns the correct model took 0,032 sec
Testcase: Test the update action performs an update on a valid domain instance took 0,075 sec
	Caused an ERROR
Cannot get property 'id' on null object
java.lang.NullPointerException: Cannot get property 'id' on null object
	at ar.com.torneobarker.users.UserControllerSpec.Test the update action performs an update on a valid domain instance(UserControllerSpec.groovy:122)

Testcase: Test that the delete action deletes an instance if it exists took 0,043 sec
	FAILED
Condition not satisfied:

User.count() == 1
     |       |
     0       false

junit.framework.AssertionFailedError: Condition not satisfied:

User.count() == 1
     |       |
     0       false

	at ar.com.torneobarker.users.UserControllerSpec.Test that the delete action deletes an instance if it exists(UserControllerSpec.groovy:142)

